2019-05-15 15:35:11 info:  imported: 0, updated: 0, deleted: 0
2019-05-15 15:37:11 info:  imported: 0, updated: 0, deleted: 0
2019-05-15 15:40:11 info:  imported: 0, updated: 0, deleted: 0
2019-05-15 15:40:11 warn: conflict found, object: V6L425pT3A0, message: Category option combo not found or not accessible for writing data
2019-05-15 15:40:11 warn: conflict found, object: Prlt0C1RF0s, message: Category option combo not found or not accessible for writing data
2019-05-15 15:40:11 warn: conflict found, object: psbwp3CQEhs, message: Category option combo not found or not accessible for writing data
2019-05-15 15:41:10 info:  imported: 0, updated: 0, deleted: 0
2019-05-15 15:41:10 warn: conflict found, object: V6L425pT3A0, message: Category option combo not found or not accessible for writing data
2019-05-15 15:41:10 warn: conflict found, object: Prlt0C1RF0s, message: Category option combo not found or not accessible for writing data
2019-05-15 15:41:10 warn: conflict found, object: psbwp3CQEhs, message: Category option combo not found or not accessible for writing data
2019-05-15 15:42:11 info:  imported: 0, updated: 0, deleted: 0
2019-05-15 15:42:11 warn: conflict found, object: V6L425pT3A0, message: Category option combo not found or not accessible for writing data
2019-05-15 15:42:11 warn: conflict found, object: Prlt0C1RF0s, message: Category option combo not found or not accessible for writing data
2019-05-15 15:42:11 warn: conflict found, object: psbwp3CQEhs, message: Category option combo not found or not accessible for writing data
2019-05-15 15:43:12 info:  imported: 0, updated: 0, deleted: 0
2019-05-15 15:43:12 warn: conflict found, object: V6L425pT3A0, message: Category option combo not found or not accessible for writing data
2019-05-15 15:43:12 warn: conflict found, object: Prlt0C1RF0s, message: Category option combo not found or not accessible for writing data
2019-05-15 15:43:12 warn: conflict found, object: psbwp3CQEhs, message: Category option combo not found or not accessible for writing data
2019-05-15 15:44:12 info:  imported: 0, updated: 0, deleted: 0
2019-05-15 15:44:12 warn: conflict found, object: V6L425pT3A0, message: Category option combo not found or not accessible for writing data
2019-05-15 15:44:12 warn: conflict found, object: Prlt0C1RF0s, message: Category option combo not found or not accessible for writing data
2019-05-15 15:44:12 warn: conflict found, object: psbwp3CQEhs, message: Category option combo not found or not accessible for writing data
2019-05-15 15:45:12 info:  imported: 0, updated: 0, deleted: 0
2019-05-15 15:45:12 warn: conflict found, object: V6L425pT3A0, message: Category option combo not found or not accessible for writing data
2019-05-15 15:45:12 warn: conflict found, object: Prlt0C1RF0s, message: Category option combo not found or not accessible for writing data
2019-05-15 15:45:12 warn: conflict found, object: psbwp3CQEhs, message: Category option combo not found or not accessible for writing data
2019-05-15 15:46:17 info:  imported: 0, updated: 0, deleted: 0
2019-05-15 15:46:17 warn: conflict found, object: V6L425pT3A0, message: Category option combo not found or not accessible for writing data
2019-05-15 15:46:17 warn: conflict found, object: Prlt0C1RF0s, message: Category option combo not found or not accessible for writing data
2019-05-15 15:46:17 warn: conflict found, object: psbwp3CQEhs, message: Category option combo not found or not accessible for writing data
2019-05-15 15:47:12 info:  imported: 0, updated: 0, deleted: 0
2019-05-15 15:47:12 warn: conflict found, object: V6L425pT3A0, message: Category option combo not found or not accessible for writing data
2019-05-15 15:47:12 warn: conflict found, object: Prlt0C1RF0s, message: Category option combo not found or not accessible for writing data
2019-05-15 15:47:12 warn: conflict found, object: psbwp3CQEhs, message: Category option combo not found or not accessible for writing data
2019-05-15 15:48:11 info:  imported: 0, updated: 0, deleted: 0
2019-05-15 15:48:11 warn: conflict found, object: V6L425pT3A0, message: Category option combo not found or not accessible for writing data
2019-05-15 15:48:11 warn: conflict found, object: Prlt0C1RF0s, message: Category option combo not found or not accessible for writing data
2019-05-15 15:48:11 warn: conflict found, object: psbwp3CQEhs, message: Category option combo not found or not accessible for writing data
2019-05-15 15:49:12 info:  imported: 0, updated: 0, deleted: 0
2019-05-15 15:49:12 warn: conflict found, object: V6L425pT3A0, message: Category option combo not found or not accessible for writing data
2019-05-15 15:49:12 warn: conflict found, object: Prlt0C1RF0s, message: Category option combo not found or not accessible for writing data
2019-05-15 15:49:12 warn: conflict found, object: psbwp3CQEhs, message: Category option combo not found or not accessible for writing data
2019-05-15 15:50:13 info:  imported: 0, updated: 0, deleted: 0
2019-05-15 15:50:13 warn: conflict found, object: V6L425pT3A0, message: Category option combo not found or not accessible for writing data
2019-05-15 15:50:13 warn: conflict found, object: Prlt0C1RF0s, message: Category option combo not found or not accessible for writing data
2019-05-15 15:50:13 warn: conflict found, object: psbwp3CQEhs, message: Category option combo not found or not accessible for writing data
2019-05-15 15:51:11 info:  imported: 0, updated: 0, deleted: 0
2019-05-15 15:51:11 warn: conflict found, object: V6L425pT3A0, message: Category option combo not found or not accessible for writing data
2019-05-15 15:51:11 warn: conflict found, object: Prlt0C1RF0s, message: Category option combo not found or not accessible for writing data
2019-05-15 15:51:11 warn: conflict found, object: psbwp3CQEhs, message: Category option combo not found or not accessible for writing data
2019-05-15 15:52:11 info:  imported: 0, updated: 0, deleted: 0
2019-05-15 15:52:11 warn: conflict found, object: V6L425pT3A0, message: Category option combo not found or not accessible for writing data
2019-05-15 15:52:11 warn: conflict found, object: Prlt0C1RF0s, message: Category option combo not found or not accessible for writing data
2019-05-15 15:52:11 warn: conflict found, object: psbwp3CQEhs, message: Category option combo not found or not accessible for writing data
2019-05-15 15:53:11 info:  imported: 0, updated: 0, deleted: 0
2019-05-15 15:53:11 warn: conflict found, object: V6L425pT3A0, message: Category option combo not found or not accessible for writing data
2019-05-15 15:53:11 warn: conflict found, object: Prlt0C1RF0s, message: Category option combo not found or not accessible for writing data
2019-05-15 15:53:11 warn: conflict found, object: psbwp3CQEhs, message: Category option combo not found or not accessible for writing data
2019-05-15 15:54:11 info:  imported: 0, updated: 0, deleted: 0
2019-05-15 15:54:11 warn: conflict found, object: V6L425pT3A0, message: Category option combo not found or not accessible for writing data
2019-05-15 15:54:11 warn: conflict found, object: Prlt0C1RF0s, message: Category option combo not found or not accessible for writing data
2019-05-15 15:54:11 warn: conflict found, object: psbwp3CQEhs, message: Category option combo not found or not accessible for writing data
2019-05-15 15:55:12 info:  imported: 0, updated: 0, deleted: 0
2019-05-15 15:55:12 warn: conflict found, object: V6L425pT3A0, message: Category option combo not found or not accessible for writing data
2019-05-15 15:55:12 warn: conflict found, object: Prlt0C1RF0s, message: Category option combo not found or not accessible for writing data
2019-05-15 15:55:12 warn: conflict found, object: psbwp3CQEhs, message: Category option combo not found or not accessible for writing data
2019-05-15 15:56:10 info:  imported: 0, updated: 0, deleted: 0
2019-05-15 15:56:10 warn: conflict found, object: V6L425pT3A0, message: Category option combo not found or not accessible for writing data
2019-05-15 15:56:10 warn: conflict found, object: Prlt0C1RF0s, message: Category option combo not found or not accessible for writing data
2019-05-15 15:56:10 warn: conflict found, object: psbwp3CQEhs, message: Category option combo not found or not accessible for writing data
2019-05-15 15:57:11 info:  imported: 0, updated: 0, deleted: 0
2019-05-15 15:57:11 warn: conflict found, object: V6L425pT3A0, message: Category option combo not found or not accessible for writing data
2019-05-15 15:57:11 warn: conflict found, object: Prlt0C1RF0s, message: Category option combo not found or not accessible for writing data
2019-05-15 15:57:11 warn: conflict found, object: psbwp3CQEhs, message: Category option combo not found or not accessible for writing data
2019-05-15 15:58:11 info:  imported: 0, updated: 0, deleted: 0
2019-05-15 15:58:11 warn: conflict found, object: V6L425pT3A0, message: Category option combo not found or not accessible for writing data
2019-05-15 15:58:11 warn: conflict found, object: Prlt0C1RF0s, message: Category option combo not found or not accessible for writing data
2019-05-15 15:58:11 warn: conflict found, object: psbwp3CQEhs, message: Category option combo not found or not accessible for writing data
2019-05-15 15:59:11 info:  imported: 0, updated: 0, deleted: 0
2019-05-15 15:59:11 warn: conflict found, object: V6L425pT3A0, message: Category option combo not found or not accessible for writing data
2019-05-15 15:59:11 warn: conflict found, object: Prlt0C1RF0s, message: Category option combo not found or not accessible for writing data
2019-05-15 15:59:11 warn: conflict found, object: psbwp3CQEhs, message: Category option combo not found or not accessible for writing data
2019-05-15 16:12:42 info: trackedEntityInstance with id, i3MH2yzBTNa imported: 0, updated: 1, deleted: 0
2019-05-15 16:54:16 info: trackedEntityInstance with id, i3MH2yzBTNa imported: 0, updated: 1, deleted: 0
2019-05-15 16:58:31 info: trackedEntityInstance with id, i3MH2yzBTNa imported: 0, updated: 1, deleted: 0
2019-05-15 17:09:51 info:  imported: NaN, updated: NaN, deleted: NaN
2019-05-15 17:11:21 info:  imported: NaN, updated: NaN, deleted: NaN
2019-05-15 17:12:16 info:  imported: NaN, updated: NaN, deleted: NaN
2019-05-15 17:20:46 error: [{"httpStatus":"OK","httpStatusCode":200,"status":"OK","message":"Import was successful.","response":{"responseType":"ImportSummary","status":"SUCCESS","importCount":{"imported":0,"updated":1,"ignored":0,"deleted":0},"reference":"WaEe7DE56Fu"}},{"httpStatus":"OK","httpStatusCode":200,"status":"OK","message":"Import was successful.","response":{"responseType":"ImportSummary","status":"SUCCESS","importCount":{"imported":0,"updated":1,"ignored":0,"deleted":0},"reference":"WaEe7DE56Fu"}}]
